<?xml version="1.0" encoding="UTF-8"?>
<!-- Generated by org.testng.reporters.JUnitReportReporter -->
<testsuite hostname="Punyas-MacBook-Air.local" failures="0" tests="1" name="com.TestAmazonUsingTestNG.AmazonRegisterTest" time="3.650" errors="0" timestamp="2025-05-30T13:22:44 IST" skipped="0">
  <testcase classname="com.TestAmazonUsingTestNG.AmazonRegisterTest" name="registerOnAmazon" time="3.650"/>
</testsuite> <!-- com.TestAmazonUsingTestNG.AmazonRegisterTest -->
