<?xml version="1.0" encoding="UTF-8"?>
<!-- Generated by org.testng.reporters.JUnitReportReporter -->
<testsuite hostname="Punyas-MacBook-Air.local" failures="0" tests="1" name="com.TestAmazonUsingTestNG.AmazonSignIn" time="20.899" errors="0" timestamp="2025-05-30T22:37:38 IST" skipped="0">
  <testcase classname="com.TestAmazonUsingTestNG.AmazonSignIn" name="signInAndAddToCart" time="20.899"/>
</testsuite> <!-- com.TestAmazonUsingTestNG.AmazonSignIn -->
